<?xml version="1.0" encoding="UTF-8"?>
<testng-results skipped="0" failed="1" ignored="0" total="5" passed="4">
  <reporter-output>
  </reporter-output>
  <suite name="HubSpot App" duration-ms="21479" started-at="2020-10-26T10:11:16Z" finished-at="2020-10-26T10:11:37Z">
    <groups>
    </groups>
    <test name="Sanity Test" duration-ms="21479" started-at="2020-10-26T10:11:16Z" finished-at="2020-10-26T10:11:37Z">
      <class name="com.hubspotapp.test.LoginPageTest">
        <test-method status="PASS" signature="setUp()[pri:0, instance:com.hubspotapp.test.LoginPageTest@2d127a61]" name="setUp" is-config="true" duration-ms="10360" started-at="2020-10-26T10:11:16Z" finished-at="2020-10-26T10:11:26Z">
          <reporter-output>
          </reporter-output>
        </test-method> <!-- setUp -->
        <test-method status="PASS" signature="verifyLoginPageTitle()[pri:1, instance:com.hubspotapp.test.LoginPageTest@2d127a61]" name="verifyLoginPageTitle" duration-ms="8960" started-at="2020-10-26T10:11:26Z" description="Verify the LoginPage Title" finished-at="2020-10-26T10:11:35Z">
          <reporter-output>
          </reporter-output>
        </test-method> <!-- verifyLoginPageTitle -->
        <test-method status="PASS" signature="verifySignUpLinkIsDisplayed()[pri:2, instance:com.hubspotapp.test.LoginPageTest@2d127a61]" name="verifySignUpLinkIsDisplayed" duration-ms="67" started-at="2020-10-26T10:11:35Z" description="Verify Sign Up link is dispalyed" finished-at="2020-10-26T10:11:35Z">
          <reporter-output>
          </reporter-output>
        </test-method> <!-- verifySignUpLinkIsDisplayed -->
        <test-method status="PASS" signature="verifySignUpLinkTextIsDisplayed()[pri:3, instance:com.hubspotapp.test.LoginPageTest@2d127a61]" name="verifySignUpLinkTextIsDisplayed" duration-ms="68" started-at="2020-10-26T10:11:35Z" description="Verify Sign Up link text is dispalyed" finished-at="2020-10-26T10:11:35Z">
          <reporter-output>
          </reporter-output>
        </test-method> <!-- verifySignUpLinkTextIsDisplayed -->
        <test-method status="PASS" signature="verifyForgotPasswordLinkIsDisplayed()[pri:4, instance:com.hubspotapp.test.LoginPageTest@2d127a61]" name="verifyForgotPasswordLinkIsDisplayed" duration-ms="36" started-at="2020-10-26T10:11:35Z" description="Verify Forgot Password link is dispalyed" finished-at="2020-10-26T10:11:35Z">
          <reporter-output>
          </reporter-output>
        </test-method> <!-- verifyForgotPasswordLinkIsDisplayed -->
        <test-method status="FAIL" signature="verifyLogin()[pri:5, instance:com.hubspotapp.test.LoginPageTest@2d127a61]" name="verifyLogin" duration-ms="404" started-at="2020-10-26T10:11:35Z" description="Verify user is able to login with valid credentials and verify the account name" finished-at="2020-10-26T10:11:36Z">
          <exception class="java.lang.NullPointerException">
            <full-stacktrace>
              <![CDATA[java.lang.NullPointerException
at com.hubspotapp.util.ElementActions.doClick(ElementActions.java:38)
at com.hubspotapp.pages.HomePage.clickOnAccountMenu(HomePage.java:38)
at com.hubspotapp.pages.HomePage.getAccountName(HomePage.java:42)
at com.hubspotapp.test.LoginPageTest.verifyLogin(LoginPageTest.java:61)
at sun.reflect.NativeMethodAccessorImpl.invoke0(Native Method)
at sun.reflect.NativeMethodAccessorImpl.invoke(Unknown Source)
at sun.reflect.DelegatingMethodAccessorImpl.invoke(Unknown Source)
at java.lang.reflect.Method.invoke(Unknown Source)
at org.testng.internal.MethodInvocationHelper.invokeMethod(MethodInvocationHelper.java:124)
at org.testng.internal.Invoker.invokeMethod(Invoker.java:583)
at org.testng.internal.Invoker.invokeTestMethod(Invoker.java:719)
at org.testng.internal.Invoker.invokeTestMethods(Invoker.java:989)
at org.testng.internal.TestMethodWorker.invokeTestMethods(TestMethodWorker.java:125)
at org.testng.internal.TestMethodWorker.run(TestMethodWorker.java:109)
at org.testng.TestRunner.privateRun(TestRunner.java:648)
at org.testng.TestRunner.run(TestRunner.java:505)
at org.testng.SuiteRunner.runTest(SuiteRunner.java:455)
at org.testng.SuiteRunner.runSequentially(SuiteRunner.java:450)
at org.testng.SuiteRunner.privateRun(SuiteRunner.java:415)
at org.testng.SuiteRunner.run(SuiteRunner.java:364)
at org.testng.SuiteRunnerWorker.runSuite(SuiteRunnerWorker.java:52)
at org.testng.SuiteRunnerWorker.run(SuiteRunnerWorker.java:84)
at org.testng.TestNG.runSuitesSequentially(TestNG.java:1208)
at org.testng.TestNG.runSuitesLocally(TestNG.java:1137)
at org.testng.TestNG.runSuites(TestNG.java:1049)
at org.testng.TestNG.run(TestNG.java:1017)
at org.testng.remote.AbstractRemoteTestNG.run(AbstractRemoteTestNG.java:132)
at org.testng.remote.RemoteTestNG.initAndRun(RemoteTestNG.java:230)
at org.testng.remote.RemoteTestNG.main(RemoteTestNG.java:76)
]]>
            </full-stacktrace>
          </exception> <!-- java.lang.NullPointerException -->
          <reporter-output>
          </reporter-output>
        </test-method> <!-- verifyLogin -->
        <test-method status="PASS" signature="tearDown()[pri:0, instance:com.hubspotapp.test.LoginPageTest@2d127a61]" name="tearDown" is-config="true" duration-ms="637" started-at="2020-10-26T10:11:36Z" finished-at="2020-10-26T10:11:37Z">
          <reporter-output>
          </reporter-output>
        </test-method> <!-- tearDown -->
      </class> <!-- com.hubspotapp.test.LoginPageTest -->
    </test> <!-- Sanity Test -->
  </suite> <!-- HubSpot App -->
</testng-results>
